<?xml version="1.0" encoding="UTF-8"?>
<!-- Generated by org.testng.reporters.JUnitXMLReporter -->
<testsuite ignored="1" hostname="HIRAL" failures="0" tests="1" name="Sanity Login Test" time="20.942" errors="0" timestamp="2022-12-12T10:41:44 GMT">
  <testcase classname="com.ultimateqa.testsuite.LoginPageTest" name="verifyUserShouldNavigaateToLoginPageSuccessfully" time="2.259"/>
  <testcase classname="com.ultimateqa.testsuite.LoginPageTest" name="verifyTheErrorMessage" time="0.0">
    <ignored/>
  </testcase> <!-- verifyTheErrorMessage -->
</testsuite> <!-- Sanity Login Test -->
